<?xml version="1.0" encoding="UTF-8"?>
<testsuite name="com.needscatcher.test.springboot.web.IndexControllerTest" tests="1" skipped="0" failures="0" errors="0" timestamp="2021-01-18T11:13:00" hostname="ijongsuiMacmini" time="0.446">
  <properties/>
  <testcase name="메인페이지_로딩" classname="com.needscatcher.test.springboot.web.IndexControllerTest" time="0.446"/>
  <system-out><![CDATA[2021-01-18 20:12:54.020  INFO 1010 --- [    Test worker] .b.t.c.SpringBootTestContextBootstrapper : Neither @ContextConfiguration nor @ContextHierarchy found for test class [com.needscatcher.test.springboot.web.IndexControllerTest], using SpringBootContextLoader
2021-01-18 20:12:54.025  INFO 1010 --- [    Test worker] o.s.t.c.support.AbstractContextLoader    : Could not detect default resource locations for test class [com.needscatcher.test.springboot.web.IndexControllerTest]: no resource found for suffixes {-context.xml, Context.groovy}.
2021-01-18 20:12:54.025  INFO 1010 --- [    Test worker] t.c.s.AnnotationConfigContextLoaderUtils : Could not detect default configuration classes for test class [com.needscatcher.test.springboot.web.IndexControllerTest]: IndexControllerTest does not declare any static, non-private, non-final, nested classes annotated with @Configuration.
2021-01-18 20:12:54.036  INFO 1010 --- [    Test worker] .b.t.c.SpringBootTestContextBootstrapper : Found @SpringBootConfiguration com.needscatcher.test.springboot.Application for test class com.needscatcher.test.springboot.web.IndexControllerTest
2021-01-18 20:12:54.051  INFO 1010 --- [    Test worker] .b.t.c.SpringBootTestContextBootstrapper : Loaded default TestExecutionListener class names from location [META-INF/spring.factories]: [org.springframework.security.test.context.support.WithSecurityContextTestExecutionListener, org.springframework.security.test.context.support.ReactorContextTestExecutionListener, org.springframework.boot.test.autoconfigure.restdocs.RestDocsTestExecutionListener, org.springframework.boot.test.autoconfigure.web.client.MockRestServiceServerResetTestExecutionListener, org.springframework.boot.test.autoconfigure.web.servlet.MockMvcPrintOnlyOnFailureTestExecutionListener, org.springframework.boot.test.autoconfigure.web.servlet.WebDriverTestExecutionListener, org.springframework.boot.test.mock.mockito.MockitoTestExecutionListener, org.springframework.boot.test.mock.mockito.ResetMocksTestExecutionListener, org.springframework.test.context.web.ServletTestExecutionListener, org.springframework.test.context.support.DirtiesContextBeforeModesTestExecutionListener, org.springframework.test.context.support.DependencyInjectionTestExecutionListener, org.springframework.test.context.support.DirtiesContextTestExecutionListener, org.springframework.test.context.transaction.TransactionalTestExecutionListener, org.springframework.test.context.jdbc.SqlScriptsTestExecutionListener]
2021-01-18 20:12:54.055  INFO 1010 --- [    Test worker] .b.t.c.SpringBootTestContextBootstrapper : Using TestExecutionListeners: [org.springframework.test.context.web.ServletTestExecutionListener@7fb60c41, org.springframework.test.context.support.DirtiesContextBeforeModesTestExecutionListener@376327cc, org.springframework.boot.test.mock.mockito.MockitoTestExecutionListener@66e5780, org.springframework.boot.test.autoconfigure.SpringBootDependencyInjectionTestExecutionListener@38362e21, org.springframework.test.context.support.DirtiesContextTestExecutionListener@77adf962, org.springframework.test.context.transaction.TransactionalTestExecutionListener@595eed1c, org.springframework.test.context.jdbc.SqlScriptsTestExecutionListener@2d7873e0, org.springframework.security.test.context.support.WithSecurityContextTestExecutionListener@24b61748, org.springframework.security.test.context.support.ReactorContextTestExecutionListener@3cc88c55, org.springframework.boot.test.autoconfigure.restdocs.RestDocsTestExecutionListener@12d0a0dd, org.springframework.boot.test.autoconfigure.web.client.MockRestServiceServerResetTestExecutionListener@7cd92614, org.springframework.boot.test.autoconfigure.web.servlet.MockMvcPrintOnlyOnFailureTestExecutionListener@68c17290, org.springframework.boot.test.autoconfigure.web.servlet.WebDriverTestExecutionListener@1093f1f9, org.springframework.boot.test.mock.mockito.ResetMocksTestExecutionListener@7527d7e]

  .   ____          _            __ _ _
 /\\ / ___'_ __ _ _(_)_ __  __ _ \ \ \ \
( ( )\___ | '_ | '_| | '_ \/ _` | \ \ \ \
 \\/  ___)| |_)| | | | | || (_| |  ) ) ) )
  '  |____| .__|_| |_|_| |_\__, | / / / /
 =========|_|==============|___/=/_/_/_/
 :: Spring Boot ::        (v2.1.7.RELEASE)

2021-01-18 20:12:54.145  INFO 1010 --- [    Test worker] c.n.t.s.web.IndexControllerTest          : Starting IndexControllerTest on ijongsuiMacmini with PID 1010 (started by ljs in /Users/ljs/Desktop/wProject)
2021-01-18 20:12:54.146  INFO 1010 --- [    Test worker] c.n.t.s.web.IndexControllerTest          : The following profiles are active: oauth
2021-01-18 20:12:55.094  INFO 1010 --- [    Test worker] .s.d.r.c.RepositoryConfigurationDelegate : Bootstrapping Spring Data repositories in DEFAULT mode.
2021-01-18 20:12:55.206  INFO 1010 --- [    Test worker] .s.d.r.c.RepositoryConfigurationDelegate : Finished Spring Data repository scanning in 103ms. Found 2 repository interfaces.
2021-01-18 20:12:55.730  INFO 1010 --- [    Test worker] trationDelegate$BeanPostProcessorChecker : Bean 'org.springframework.transaction.annotation.ProxyTransactionManagementConfiguration' of type [org.springframework.transaction.annotation.ProxyTransactionManagementConfiguration$$EnhancerBySpringCGLIB$$fad72e54] is not eligible for getting processed by all BeanPostProcessors (for example: not eligible for auto-proxying)
2021-01-18 20:12:56.137  INFO 1010 --- [    Test worker] o.s.b.w.embedded.tomcat.TomcatWebServer  : Tomcat initialized with port(s): 0 (http)
2021-01-18 20:12:56.219  INFO 1010 --- [    Test worker] o.apache.catalina.core.StandardService   : Starting service [Tomcat]
2021-01-18 20:12:56.221  INFO 1010 --- [    Test worker] org.apache.catalina.core.StandardEngine  : Starting Servlet engine: [Apache Tomcat/9.0.22]
2021-01-18 20:12:56.379  INFO 1010 --- [    Test worker] o.a.c.c.C.[Tomcat].[localhost].[/]       : Initializing Spring embedded WebApplicationContext
2021-01-18 20:12:56.380  INFO 1010 --- [    Test worker] o.s.web.context.ContextLoader            : Root WebApplicationContext: initialization completed in 2229 ms
2021-01-18 20:12:56.733  INFO 1010 --- [    Test worker] com.zaxxer.hikari.HikariDataSource       : HikariPool-1 - Starting...
2021-01-18 20:12:56.880  INFO 1010 --- [    Test worker] com.zaxxer.hikari.HikariDataSource       : HikariPool-1 - Start completed.
2021-01-18 20:12:57.148  INFO 1010 --- [    Test worker] o.hibernate.jpa.internal.util.LogHelper  : HHH000204: Processing PersistenceUnitInfo [
	name: default
	...]
2021-01-18 20:12:57.202  INFO 1010 --- [    Test worker] org.hibernate.Version                    : HHH000412: Hibernate Core {5.3.10.Final}
2021-01-18 20:12:57.204  INFO 1010 --- [    Test worker] org.hibernate.cfg.Environment            : HHH000206: hibernate.properties not found
2021-01-18 20:12:57.252  INFO 1010 --- [    Test worker] o.hibernate.annotations.common.Version   : HCANN000001: Hibernate Commons Annotations {5.0.4.Final}
2021-01-18 20:12:57.444  INFO 1010 --- [    Test worker] org.hibernate.dialect.Dialect            : HHH000400: Using dialect: org.hibernate.dialect.MySQL5InnoDBDialect
Hibernate: drop table if exists posts
Hibernate: drop table if exists user
Hibernate: create table posts (id bigint not null auto_increment, created_date datetime, modified_date datetime, author varchar(255), content TEXT not null, title varchar(500) not null, primary key (id)) engine=InnoDB
Hibernate: create table user (id bigint not null auto_increment, email varchar(255), name varchar(255) not null, picture varchar(255), role varchar(255) not null, primary key (id)) engine=InnoDB
2021-01-18 20:12:58.237  INFO 1010 --- [    Test worker] o.h.t.schema.internal.SchemaCreatorImpl  : HHH000476: Executing import script 'org.hibernate.tool.schema.internal.exec.ScriptSourceInputNonExistentImpl@68d731e9'
2021-01-18 20:12:58.241  INFO 1010 --- [    Test worker] j.LocalContainerEntityManagerFactoryBean : Initialized JPA EntityManagerFactory for persistence unit 'default'
2021-01-18 20:12:59.119  INFO 1010 --- [    Test worker] o.h.h.i.QueryTranslatorFactoryInitiator  : HHH000397: Using ASTQueryTranslatorFactory
2021-01-18 20:12:59.689  INFO 1010 --- [    Test worker] o.s.s.web.DefaultSecurityFilterChain     : Creating filter chain: any request, [org.springframework.security.web.context.request.async.WebAsyncManagerIntegrationFilter@2eb7137b, org.springframework.security.web.context.SecurityContextPersistenceFilter@20b6e3b9, org.springframework.security.web.header.HeaderWriterFilter@d593cd3, org.springframework.security.web.authentication.logout.LogoutFilter@73cb0d4d, org.springframework.security.oauth2.client.web.OAuth2AuthorizationRequestRedirectFilter@13bd657d, org.springframework.security.oauth2.client.web.OAuth2LoginAuthenticationFilter@26ab7891, org.springframework.security.web.authentication.ui.DefaultLoginPageGeneratingFilter@64f79141, org.springframework.security.web.authentication.ui.DefaultLogoutPageGeneratingFilter@610f6d78, org.springframework.security.web.savedrequest.RequestCacheAwareFilter@7abe332b, org.springframework.security.web.servletapi.SecurityContextHolderAwareRequestFilter@3ec5270b, org.springframework.security.web.authentication.AnonymousAuthenticationFilter@1c1dfe38, org.springframework.security.web.session.SessionManagementFilter@4ae2115b, org.springframework.security.web.access.ExceptionTranslationFilter@4ee29602, org.springframework.security.web.access.intercept.FilterSecurityInterceptor@31e81e9c]
2021-01-18 20:13:00.008  INFO 1010 --- [    Test worker] o.s.s.concurrent.ThreadPoolTaskExecutor  : Initializing ExecutorService 'applicationTaskExecutor'
2021-01-18 20:13:00.084  WARN 1010 --- [    Test worker] aWebConfiguration$JpaWebMvcConfiguration : spring.jpa.open-in-view is enabled by default. Therefore, database queries may be performed during view rendering. Explicitly configure spring.jpa.open-in-view to disable this warning
2021-01-18 20:13:00.181  INFO 1010 --- [    Test worker] o.s.b.a.w.s.WelcomePageHandlerMapping    : Adding welcome page template: index
2021-01-18 20:13:00.643  INFO 1010 --- [    Test worker] s.a.ScheduledAnnotationBeanPostProcessor : No TaskScheduler/ScheduledExecutorService bean found for scheduled processing
2021-01-18 20:13:00.669  INFO 1010 --- [    Test worker] o.s.b.w.embedded.tomcat.TomcatWebServer  : Tomcat started on port(s): 50678 (http) with context path ''
2021-01-18 20:13:00.672  INFO 1010 --- [    Test worker] c.n.t.s.web.IndexControllerTest          : Started IndexControllerTest in 6.606 seconds (JVM running for 12.367)
2021-01-18 20:13:00.810  INFO 1010 --- [o-auto-1-exec-1] o.a.c.c.C.[Tomcat].[localhost].[/]       : Initializing Spring DispatcherServlet 'dispatcherServlet'
2021-01-18 20:13:00.812  INFO 1010 --- [o-auto-1-exec-1] o.s.web.servlet.DispatcherServlet        : Initializing Servlet 'dispatcherServlet'
2021-01-18 20:13:00.871  INFO 1010 --- [o-auto-1-exec-1] o.s.web.servlet.DispatcherServlet        : Completed initialization in 59 ms
Hibernate: select posts0_.id as id1_0_, posts0_.created_date as created_2_0_, posts0_.modified_date as modified3_0_, posts0_.author as author4_0_, posts0_.content as content5_0_, posts0_.title as title6_0_ from posts posts0_ order by posts0_.id DESC
]]></system-out>
  <system-err><![CDATA[]]></system-err>
</testsuite>
